This is pdfTeX, Version 3.141592653-2.6-1.40.24 (MiKTeX 21.12) (preloaded format=pdflatex 2022.1.13)  16 JAN 2022 14:56
entering extended mode
 restricted \write18 enabled.
 file:line:error style messages enabled.
 %&-line parsing enabled.
**c:/Users/user/Desktop/COLLEGE/seminarReport/REPORT-ADARSH/REPORT/Main.tex
(c:/Users/user/Desktop/COLLEGE/seminarReport/REPORT-ADARSH/REPORT/Main.tex
LaTeX2e <2021-11-15> patch level 1
L3 programming layer <2021-11-22> (C:\Users\user\AppData\Local\Programs\MiKTeX\tex/latex/base\report.cls
Document Class: report 2021/10/04 v1.4n Standard LaTeX document class
(C:\Users\user\AppData\Local\Programs\MiKTeX\tex/latex/base\size12.clo
File: size12.clo 2021/10/04 v1.4n Standard LaTeX file (size option)
)
\c@part=\count183
\c@chapter=\count184
\c@section=\count185
\c@subsection=\count186
\c@subsubsection=\count187
\c@paragraph=\count188
\c@subparagraph=\count189
\c@figure=\count190
\c@table=\count191
\abovecaptionskip=\skip47
\belowcaptionskip=\skip48
\bibindent=\dimen138
) (C:\Users\user\AppData\Local\Programs\MiKTeX\tex/latex/graphics\graphicx.sty
Package: graphicx 2021/09/16 v1.2d Enhanced LaTeX Graphics (DPC,SPQR)
 (C:\Users\user\AppData\Local\Programs\MiKTeX\tex/latex/graphics\keyval.sty
Package: keyval 2014/10/28 v1.15 key=value parser (DPC)
\KV@toks@=\toks16
) (C:\Users\user\AppData\Local\Programs\MiKTeX\tex/latex/graphics\graphics.sty
Package: graphics 2021/03/04 v1.4d Standard LaTeX Graphics (DPC,SPQR)
 (C:\Users\user\AppData\Local\Programs\MiKTeX\tex/latex/graphics\trig.sty
Package: trig 2021/08/11 v1.11 sin cos tan (DPC)
) (C:\Users\user\AppData\Local\Programs\MiKTeX\tex/latex/graphics-cfg\graphics.cfg
File: graphics.cfg 2016/06/04 v1.11 sample graphics configuration
)
Package graphics Info: Driver file: pdftex.def on input line 107.
 (C:\Users\user\AppData\Local\Programs\MiKTeX\tex/latex/graphics-def\pdftex.def
File: pdftex.def 2020/10/05 v1.2a Graphics/color driver for pdftex
))
\Gin@req@height=\dimen139
\Gin@req@width=\dimen140
) (C:\Users\user\AppData\Local\Programs\MiKTeX\tex/latex/amsmath\amsmath.sty
Package: amsmath 2021/10/15 v2.17l AMS math features
\@mathmargin=\skip49

For additional information on amsmath, use the `?' option.
(C:\Users\user\AppData\Local\Programs\MiKTeX\tex/latex/amsmath\amstext.sty
Package: amstext 2021/08/26 v2.01 AMS text
 (C:\Users\user\AppData\Local\Programs\MiKTeX\tex/latex/amsmath\amsgen.sty
File: amsgen.sty 1999/11/30 v2.0 generic functions
\@emptytoks=\toks17
\ex@=\dimen141
)) (C:\Users\user\AppData\Local\Programs\MiKTeX\tex/latex/amsmath\amsbsy.sty
Package: amsbsy 1999/11/29 v1.2d Bold Symbols
\pmbraise@=\dimen142
) (C:\Users\user\AppData\Local\Programs\MiKTeX\tex/latex/amsmath\amsopn.sty
Package: amsopn 2021/08/26 v2.02 operator names
)
\inf@bad=\count192
LaTeX Info: Redefining \frac on input line 234.
\uproot@=\count193
\leftroot@=\count194
LaTeX Info: Redefining \overline on input line 399.
\classnum@=\count195
\DOTSCASE@=\count196
LaTeX Info: Redefining \ldots on input line 496.
LaTeX Info: Redefining \dots on input line 499.
LaTeX Info: Redefining \cdots on input line 620.
\Mathstrutbox@=\box50
\strutbox@=\box51
\big@size=\dimen143
LaTeX Font Info:    Redeclaring font encoding OML on input line 743.
LaTeX Font Info:    Redeclaring font encoding OMS on input line 744.
\macc@depth=\count197
\c@MaxMatrixCols=\count198
\dotsspace@=\muskip16
\c@parentequation=\count199
\dspbrk@lvl=\count266
\tag@help=\toks18
\row@=\count267
\column@=\count268
\maxfields@=\count269
\andhelp@=\toks19
\eqnshift@=\dimen144
\alignsep@=\dimen145
\tagshift@=\dimen146
\tagwidth@=\dimen147
\totwidth@=\dimen148
\lineht@=\dimen149
\@envbody=\toks20
\multlinegap=\skip50
\multlinetaggap=\skip51
\mathdisplay@stack=\toks21
LaTeX Info: Redefining \[ on input line 2938.
LaTeX Info: Redefining \] on input line 2939.
) (C:\Users\user\AppData\Local\Programs\MiKTeX\tex/latex/fancyhdr\fancyhdr.sty
Package: fancyhdr 2021/01/28 v4.0.1 Extensive control of page headers and footers
\f@nch@headwidth=\skip52
\f@nch@O@elh=\skip53
\f@nch@O@erh=\skip54
\f@nch@O@olh=\skip55
\f@nch@O@orh=\skip56
\f@nch@O@elf=\skip57
\f@nch@O@erf=\skip58
\f@nch@O@olf=\skip59
\f@nch@O@orf=\skip60
) (C:\Users\user\AppData\Local\Programs\MiKTeX\tex/latex/cite\cite.sty
LaTeX Info: Redefining \cite on input line 302.
LaTeX Info: Redefining \nocite on input line 332.
Package: cite 2015/02/27  v 5.5
) (C:\Users\user\AppData\Local\Programs\MiKTeX\tex/latex/framed\framed.sty
Package: framed 2011/10/22 v 0.96: framed or shaded text with page breaks
\OuterFrameSep=\skip61
\fb@frw=\dimen150
\fb@frh=\dimen151
\FrameRule=\dimen152
\FrameSep=\dimen153
) (C:\Users\user\AppData\Local\Programs\MiKTeX\tex/latex/a4wide\a4wide.sty
Package: a4wide 1994/08/30
 (C:\Users\user\AppData\Local\Programs\MiKTeX\tex/latex/ntgclass\a4.sty
Package: a4 2020/02/18 v1.2g A4 based page layout
)) (C:\Users\user\AppData\Local\Programs\MiKTeX\tex/latex/float\float.sty
Package: float 2001/11/08 v1.3d Float enhancements (AL)
\c@float@type=\count270
\float@exts=\toks22
\float@box=\box52
\@float@everytoks=\toks23
\@floatcapt=\box53
) (C:\Users\user\AppData\Local\Programs\MiKTeX\tex/generic/babel\babel.sty
Package: babel 2021/11/29 3.67 The Babel package
\babel@savecnt=\count271
\U@D=\dimen154
\l@unhyphenated=\language79
 (C:\Users\user\AppData\Local\Programs\MiKTeX\tex/generic/babel\txtbabel.def)
\bbl@readstream=\read2
\bbl@dirlevel=\count272

*************************************
* Local config file bblopts.cfg used
*
(C:\Users\user\AppData\Local\Programs\MiKTeX\tex/latex/arabi\bblopts.cfg
File: bblopts.cfg 2005/09/08 v0.1 add Arabic and Farsi to "declared" options of babel
) (C:\Users\user\AppData\Local\Programs\MiKTeX\tex/latex/babel-english\english.ldf
Language: english 2017/06/06 v3.3r English support from the babel system
Package babel Info: Hyphen rules for 'canadian' set to \l@english
(babel)             (\language0). Reported on input line 102.
Package babel Info: Hyphen rules for 'australian' set to \l@ukenglish
(babel)             (\language73). Reported on input line 105.
Package babel Info: Hyphen rules for 'newzealand' set to \l@ukenglish
(babel)             (\language73). Reported on input line 108.
)) (C:\Users\user\AppData\Local\Programs\MiKTeX\tex/latex/blindtext\blindtext.sty
Package: blindtext 2012/01/06 V2.0 blindtext-Package
 (C:\Users\user\AppData\Local\Programs\MiKTeX\tex/latex/tools\xspace.sty
Package: xspace 2014/10/28 v1.13 Space after command names (DPC,MH)
)
\c@blindtext=\count273
\c@Blindtext=\count274
\c@blind@countparstart=\count275
\blind@countxx=\count276
\blindtext@numBlindtext=\count277
\blind@countyy=\count278
\c@blindlist=\count279
\c@blindlistlevel=\count280
\c@blindlist@level=\count281
\blind@listitem=\count282
\c@blind@listcount=\count283
\c@blind@levelcount=\count284
\blind@mathformula=\count285
\blind@Mathformula=\count286
\c@blind@randomcount=\count287
\c@blind@randommax=\count288
\c@blind@pangramcount=\count289
\c@blind@pangrammax=\count290
) (C:\Users\user\AppData\Local\Programs\MiKTeX\tex/latex/xpatch\xpatch.sty (C:\Users\user\AppData\Local\Programs\MiKTeX\tex/latex/l3kernel\expl3.sty
Package: expl3 2021-11-22 L3 programming layer (loader) 
 (C:\Users\user\AppData\Local\Programs\MiKTeX\tex/latex/l3backend\l3backend-pdftex.def
File: l3backend-pdftex.def 2021-10-18 L3 backend support: PDF output (pdfTeX)
\l__color_backend_stack_int=\count291
\l__pdf_internal_box=\box54
))
Package: xpatch 2020/03/25 v0.3a Extending etoolbox patching commands
 (C:\Users\user\AppData\Local\Programs\MiKTeX\tex/latex/l3packages/xparse\xparse.sty
Package: xparse 2021-11-12 L3 Experimental document command parser
) (C:\Users\user\AppData\Local\Programs\MiKTeX\tex/latex/etoolbox\etoolbox.sty
Package: etoolbox 2020/10/05 v2.5k e-TeX tools for LaTeX (JAW)
\etb@tempcnta=\count292
))
Patched makeschapterhead
Patched @makechapterhead
(Main.aux)
\openout1 = `Main.aux'.

LaTeX Font Info:    Checking defaults for OML/cmm/m/it on input line 51.
LaTeX Font Info:    ... okay on input line 51.
LaTeX Font Info:    Checking defaults for OMS/cmsy/m/n on input line 51.
LaTeX Font Info:    ... okay on input line 51.
LaTeX Font Info:    Checking defaults for OT1/cmr/m/n on input line 51.
LaTeX Font Info:    ... okay on input line 51.
LaTeX Font Info:    Checking defaults for T1/cmr/m/n on input line 51.
LaTeX Font Info:    ... okay on input line 51.
LaTeX Font Info:    Checking defaults for TS1/cmr/m/n on input line 51.
LaTeX Font Info:    ... okay on input line 51.
LaTeX Font Info:    Checking defaults for OMX/cmex/m/n on input line 51.
LaTeX Font Info:    ... okay on input line 51.
LaTeX Font Info:    Checking defaults for U/cmr/m/n on input line 51.
LaTeX Font Info:    ... okay on input line 51.
 (C:\Users\user\AppData\Local\Programs\MiKTeX\tex/context/base/mkii\supp-pdf.mkii
[Loading MPS to PDF converter (version 2006.09.02).]
\scratchcounter=\count293
\scratchdimen=\dimen155
\scratchbox=\box55
\nofMPsegments=\count294
\nofMParguments=\count295
\everyMPshowfont=\toks24
\MPscratchCnt=\count296
\MPscratchDim=\dimen156
\MPnumerator=\count297
\makeMPintoPDFobject=\count298
\everyMPtoPDFconversion=\toks25
) (C:\Users\user\AppData\Local\Programs\MiKTeX\tex/latex/epstopdf-pkg\epstopdf-base.sty
Package: epstopdf-base 2020-01-24 v2.11 Base part for package epstopdf
Package epstopdf-base Info: Redefining graphics rule for `.eps' on input line 485.
 (C:\Users\user\AppData\Local\Programs\MiKTeX\tex/latex/00miktex\epstopdf-sys.cfg
File: epstopdf-sys.cfg 2021/03/18 v2.0 Configuration of epstopdf for MiKTeX
))
<./frontpages//ceklogo.jpg, id=1, 516.04164pt x 353.37372pt>
File: ./frontpages//ceklogo.jpg Graphic file (type jpg)
<use ./frontpages//ceklogo.jpg>
Package pdftex.def Info: ./frontpages//ceklogo.jpg  used on input line 81.
(pdftex.def)             Requested size: 154.81367pt x 106.01292pt.
 [1

{C:/Users/user/AppData/Local/MiKTeX/fonts/map/pdftex/pdftex.map} <./frontpages//ceklogo.jpg>] [2]
File: ./frontpages//ceklogo.jpg Graphic file (type jpg)
<use ./frontpages//ceklogo.jpg>
Package pdftex.def Info: ./frontpages//ceklogo.jpg  used on input line 150.
(pdftex.def)             Requested size: 129.01009pt x 88.3432pt.
 [3] [4

]

c:/Users/user/Desktop/COLLEGE/seminarReport/REPORT-ADARSH/REPORT/Main.tex:237: LaTeX Error: Unicode character κ (U+03BA)
               not set up for use with LaTeX.

See the LaTeX manual or LaTeX Companion for explanation.
Type  H <return>  for immediate help.
 ...                                              
                                                  
l.237 ...obility engineering and improving high-κ
                                                   dielectric integration. T...
You may provide a definition with
\DeclareUnicodeCharacter 

[1]
No file Main.toc.
\tf@toc=\write3
\openout3 = `Main.toc'.

[1

]
No file Main.lof.
\tf@lof=\write4
\openout4 = `Main.lof'.

[2

]
Chapter 1.
[1

] [2]
<./frontpages//Moore's_Law_Transistor_Count.png, id=34, 1204.5pt x 891.33pt>
File: ./frontpages//Moore's_Law_Transistor_Count.png Graphic file (type png)
<use ./frontpages//Moore's_Law_Transistor_Count.png>
Package pdftex.def Info: ./frontpages//Moore's_Law_Transistor_Count.png  used on input line 271.
(pdftex.def)             Requested size: 361.35278pt x 267.40106pt.
 [3] [4 <./frontpages//Moore's_Law_Transistor_Count.png>]
Chapter 2.
[5

] [6]

c:/Users/user/Desktop/COLLEGE/seminarReport/REPORT-ADARSH/REPORT/Main.tex:298: LaTeX Error: Unicode character α (U+03B1)
               not set up for use with LaTeX.

See the LaTeX manual or LaTeX Companion for explanation.
Type  H <return>  for immediate help.
 ...                                              
                                                  
l.298 ...3, 1/3 and 5/12 replacements result in α
                                                  -, β-, γ- and 6,6,12-gra...
You may provide a definition with
\DeclareUnicodeCharacter 


c:/Users/user/Desktop/COLLEGE/seminarReport/REPORT-ADARSH/REPORT/Main.tex:298: LaTeX Error: Unicode character β (U+03B2)
               not set up for use with LaTeX.

See the LaTeX manual or LaTeX Companion for explanation.
Type  H <return>  for immediate help.
 ...                                              
                                                  
l.298 ...3 and 5/12 replacements result in α-, β
                                                  -, γ- and 6,6,12-graphyne...
You may provide a definition with
\DeclareUnicodeCharacter 


c:/Users/user/Desktop/COLLEGE/seminarReport/REPORT-ADARSH/REPORT/Main.tex:298: LaTeX Error: Unicode character γ (U+03B3)
               not set up for use with LaTeX.

See the LaTeX manual or LaTeX Companion for explanation.
Type  H <return>  for immediate help.
 ...                                              
                                                  
l.298 ... 5/12 replacements result in α-, β-, γ
                                                  - and 6,6,12-graphyne, res...
You may provide a definition with
\DeclareUnicodeCharacter 


c:/Users/user/Desktop/COLLEGE/seminarReport/REPORT-ADARSH/REPORT/Main.tex:298: LaTeX Error: Unicode character − (U+2212)
               not set up for use with LaTeX.

See the LaTeX manual or LaTeX Companion for explanation.
Type  H <return>  for immediate help.
 ...                                              
                                                  
l.298 ...n–carbon–nitrogen (BCN), and SixC1−
                                                  x . In addition to the ana...
You may provide a definition with
\DeclareUnicodeCharacter 

[7]

LaTeX Warning: File `2.1.jpg' not found on input line 302.


c:/Users/user/Desktop/COLLEGE/seminarReport/REPORT-ADARSH/REPORT/Main.tex:302: Package pdftex.def Error: File `2.1.jpg' not found: using draft setting.

See the pdftex.def package documentation for explanation.
Type  H <return>  for immediate help.
 ...                                              
                                                  
l.302   \includegraphics[scale=0.3]{2.1.jpg}
                                            
Try typing  <return>  to proceed.
If that doesn't work, type  X <return>  to quit.


c:/Users/user/Desktop/COLLEGE/seminarReport/REPORT-ADARSH/REPORT/Main.tex:303: LaTeX Error: Unicode character α (U+03B1)
               not set up for use with LaTeX.

See the LaTeX manual or LaTeX Companion for explanation.
Type  H <return>  for immediate help.
 ...                                              
                                                  
l.303 ...atoms represent C and Ti, respectively).}
                                                  
You may provide a definition with
\DeclareUnicodeCharacter 


c:/Users/user/Desktop/COLLEGE/seminarReport/REPORT-ADARSH/REPORT/Main.tex:303: LaTeX Error: Unicode character β (U+03B2)
               not set up for use with LaTeX.

See the LaTeX manual or LaTeX Companion for explanation.
Type  H <return>  for immediate help.
 ...                                              
                                                  
l.303 ...atoms represent C and Ti, respectively).}
                                                  
You may provide a definition with
\DeclareUnicodeCharacter 


c:/Users/user/Desktop/COLLEGE/seminarReport/REPORT-ADARSH/REPORT/Main.tex:303: LaTeX Error: Unicode character γ (U+03B3)
               not set up for use with LaTeX.

See the LaTeX manual or LaTeX Companion for explanation.
Type  H <return>  for immediate help.
 ...                                              
                                                  
l.303 ...atoms represent C and Ti, respectively).}
                                                  
You may provide a definition with
\DeclareUnicodeCharacter 


c:/Users/user/Desktop/COLLEGE/seminarReport/REPORT-ADARSH/REPORT/Main.tex:303: LaTeX Error: Unicode character − (U+2212)
               not set up for use with LaTeX.

See the LaTeX manual or LaTeX Companion for explanation.
Type  H <return>  for immediate help.
 ...                                              
                                                  
l.303 ...atoms represent C and Ti, respectively).}
                                                  
You may provide a definition with
\DeclareUnicodeCharacter 


c:/Users/user/Desktop/COLLEGE/seminarReport/REPORT-ADARSH/REPORT/Main.tex:303: LaTeX Error: Unicode character α (U+03B1)
               not set up for use with LaTeX.

See the LaTeX manual or LaTeX Companion for explanation.
Type  H <return>  for immediate help.
 ...                                              
                                                  
l.303 ...atoms represent C and Ti, respectively).}
                                                  
You may provide a definition with
\DeclareUnicodeCharacter 


c:/Users/user/Desktop/COLLEGE/seminarReport/REPORT-ADARSH/REPORT/Main.tex:303: LaTeX Error: Unicode character β (U+03B2)
               not set up for use with LaTeX.

See the LaTeX manual or LaTeX Companion for explanation.
Type  H <return>  for immediate help.
 ...                                              
                                                  
l.303 ...atoms represent C and Ti, respectively).}
                                                  
You may provide a definition with
\DeclareUnicodeCharacter 


c:/Users/user/Desktop/COLLEGE/seminarReport/REPORT-ADARSH/REPORT/Main.tex:303: LaTeX Error: Unicode character γ (U+03B3)
               not set up for use with LaTeX.

See the LaTeX manual or LaTeX Companion for explanation.
Type  H <return>  for immediate help.
 ...                                              
                                                  
l.303 ...atoms represent C and Ti, respectively).}
                                                  
You may provide a definition with
\DeclareUnicodeCharacter 


c:/Users/user/Desktop/COLLEGE/seminarReport/REPORT-ADARSH/REPORT/Main.tex:303: LaTeX Error: Unicode character − (U+2212)
               not set up for use with LaTeX.

See the LaTeX manual or LaTeX Companion for explanation.
Type  H <return>  for immediate help.
 ...                                              
                                                  
l.303 ...atoms represent C and Ti, respectively).}
                                                  
You may provide a definition with
\DeclareUnicodeCharacter 


LaTeX Warning: File `2.2.jpg' not found on input line 311.


c:/Users/user/Desktop/COLLEGE/seminarReport/REPORT-ADARSH/REPORT/Main.tex:311: Package pdftex.def Error: File `2.2.jpg' not found: using draft setting.

See the pdftex.def package documentation for explanation.
Type  H <return>  for immediate help.
 ...                                              
                                                  
l.311     \includegraphics[scale=0.3]{2.2.jpg}
                                              
Try typing  <return>  to proceed.
If that doesn't work, type  X <return>  to quit.

[8]

LaTeX Warning: File `2.3.jpg' not found on input line 320.


c:/Users/user/Desktop/COLLEGE/seminarReport/REPORT-ADARSH/REPORT/Main.tex:320: Package pdftex.def Error: File `2.3.jpg' not found: using draft setting.

See the pdftex.def package documentation for explanation.
Type  H <return>  for immediate help.
 ...                                              
                                                  
l.320       \includegraphics[scale=0.3]{2.3.jpg}
                                                
Try typing  <return>  to proceed.
If that doesn't work, type  X <return>  to quit.


LaTeX Warning: File `2.4.jpg' not found on input line 329.


c:/Users/user/Desktop/COLLEGE/seminarReport/REPORT-ADARSH/REPORT/Main.tex:329: Package pdftex.def Error: File `2.4.jpg' not found: using draft setting.

See the pdftex.def package documentation for explanation.
Type  H <return>  for immediate help.
 ...                                              
                                                  
l.329         \includegraphics[scale=0.3]{2.4.jpg}
                                                  
Try typing  <return>  to proceed.
If that doesn't work, type  X <return>  to quit.

[9] [10]

LaTeX Warning: File `2.1.1.png' not found on input line 351.


c:/Users/user/Desktop/COLLEGE/seminarReport/REPORT-ADARSH/REPORT/Main.tex:351: Package pdftex.def Error: File `2.1.1.png' not found: using draft setting.

See the pdftex.def package documentation for explanation.
Type  H <return>  for immediate help.
 ...                                              
                                                  
l.351   \includegraphics[scale=0.3]{2.1.1.png}
                                              
Try typing  <return>  to proceed.
If that doesn't work, type  X <return>  to quit.


LaTeX Warning: File `2.1.2.png' not found on input line 361.


c:/Users/user/Desktop/COLLEGE/seminarReport/REPORT-ADARSH/REPORT/Main.tex:361: Package pdftex.def Error: File `2.1.2.png' not found: using draft setting.

See the pdftex.def package documentation for explanation.
Type  H <return>  for immediate help.
 ...                                              
                                                  
l.361   \includegraphics[scale=0.3]{2.1.2.png}
                                              
Try typing  <return>  to proceed.
If that doesn't work, type  X <return>  to quit.

[11] [12]

LaTeX Warning: File `2.2.1.png' not found on input line 388.


c:/Users/user/Desktop/COLLEGE/seminarReport/REPORT-ADARSH/REPORT/Main.tex:388: Package pdftex.def Error: File `2.2.1.png' not found: using draft setting.

See the pdftex.def package documentation for explanation.
Type  H <return>  for immediate help.
 ...                                              
                                                  
l.388   \includegraphics[scale=2]{2.2.1.png}
                                            
Try typing  <return>  to proceed.
If that doesn't work, type  X <return>  to quit.

[13] [14]
Chapter 3.

LaTeX Warning: File `twodimensionalfet.jpg' not found on input line 397.


c:/Users/user/Desktop/COLLEGE/seminarReport/REPORT-ADARSH/REPORT/Main.tex:397: Package pdftex.def Error: File `twodimensionalfet.jpg' not found: using draft setting.

See the pdftex.def package documentation for explanation.
Type  H <return>  for immediate help.
 ...                                              
                                                  
l.397 ...egraphics[scale=1]{twodimensionalfet.jpg}
                                                  
Try typing  <return>  to proceed.
If that doesn't work, type  X <return>  to quit.


c:/Users/user/Desktop/COLLEGE/seminarReport/REPORT-ADARSH/REPORT/Main.tex:399: LaTeX Error: Unicode character μ (U+03BC)
               not set up for use with LaTeX.

See the LaTeX manual or LaTeX Companion for explanation.
Type  H <return>  for immediate help.
 ...                                              
                                                  
l.399 ...en 25th percentile and 75th percentile. }
                                                  
You may provide a definition with
\DeclareUnicodeCharacter 


c:/Users/user/Desktop/COLLEGE/seminarReport/REPORT-ADARSH/REPORT/Main.tex:399: LaTeX Error: Unicode character μ (U+03BC)
               not set up for use with LaTeX.

See the LaTeX manual or LaTeX Companion for explanation.
Type  H <return>  for immediate help.
 ...                                              
                                                  
l.399 ...en 25th percentile and 75th percentile. }
                                                  
You may provide a definition with
\DeclareUnicodeCharacter 


c:/Users/user/Desktop/COLLEGE/seminarReport/REPORT-ADARSH/REPORT/Main.tex:399: LaTeX Error: Unicode character − (U+2212)
               not set up for use with LaTeX.

See the LaTeX manual or LaTeX Companion for explanation.
Type  H <return>  for immediate help.
 ...                                              
                                                  
l.399 ...en 25th percentile and 75th percentile. }
                                                  
You may provide a definition with
\DeclareUnicodeCharacter 


c:/Users/user/Desktop/COLLEGE/seminarReport/REPORT-ADARSH/REPORT/Main.tex:399: LaTeX Error: Unicode character μ (U+03BC)
               not set up for use with LaTeX.

See the LaTeX manual or LaTeX Companion for explanation.
Type  H <return>  for immediate help.
 ...                                              
                                                  
l.399 ...en 25th percentile and 75th percentile. }
                                                  
You may provide a definition with
\DeclareUnicodeCharacter 


c:/Users/user/Desktop/COLLEGE/seminarReport/REPORT-ADARSH/REPORT/Main.tex:399: LaTeX Error: Unicode character μ (U+03BC)
               not set up for use with LaTeX.

See the LaTeX manual or LaTeX Companion for explanation.
Type  H <return>  for immediate help.
 ...                                              
                                                  
l.399 ...en 25th percentile and 75th percentile. }
                                                  
You may provide a definition with
\DeclareUnicodeCharacter 


c:/Users/user/Desktop/COLLEGE/seminarReport/REPORT-ADARSH/REPORT/Main.tex:399: LaTeX Error: Unicode character − (U+2212)
               not set up for use with LaTeX.

See the LaTeX manual or LaTeX Companion for explanation.
Type  H <return>  for immediate help.
 ...                                              
                                                  
l.399 ...en 25th percentile and 75th percentile. }
                                                  
You may provide a definition with
\DeclareUnicodeCharacter 


LaTeX Warning: Reference `tdf' on page 15 undefined on input line 403.


LaTeX Warning: Reference `tdf' on page 15 undefined on input line 403.

[15

] [16]

LaTeX Warning: Reference `tdf' on page 17 undefined on input line 414.


LaTeX Warning: Reference `tdf' on page 17 undefined on input line 415.

[17]
Chapter 4.
[18

] [19]
Chapter 5.
[20

]
Underfull \hbox (badness 2790) in paragraph at lines 490--492
[]\OT1/cmr/m/n/12 H. Ko-mori et al., "Laser pro-duced plasma light source for HVM-EUVL,"
 []


Underfull \hbox (badness 2799) in paragraph at lines 490--492
\OT1/cmr/m/n/12 2007 Di-gest of pa-pers Mi-cro-pro-cesses and Nan-otech-nol-ogy, pp. 30-31, doi:
 []

[21

] (Main.aux)

LaTeX Warning: There were undefined references.


LaTeX Warning: Label(s) may have changed. Rerun to get cross-references right.

 ) 
Here is how much of TeX's memory you used:
 4471 strings out of 478659
 74635 string characters out of 2846394
 393447 words of memory out of 3000000
 22502 multiletter control sequences out of 15000+600000
 409470 words of font info for 48 fonts, out of 8000000 for 9000
 1141 hyphenation exceptions out of 8191
 55i,7n,63p,2091b,271s stack positions out of 5000i,500n,10000p,200000b,80000s
 <C:\Users\user\AppData\Local\MiKTeX\fonts/pk/ljfour/jknappen/ec/dpi600\tcrm1200.pk><C:/Users/user/AppData/Local/Programs/MiKTeX/fonts/type1/public/amsfonts/cm/cmbx12.pfb><C:/Users/user/AppData/Local/Programs/MiKTeX/fonts/type1/public/amsfonts/cm/cmr10.pfb><C:/Users/user/AppData/Local/Programs/MiKTeX/fonts/type1/public/amsfonts/cm/cmr12.pfb><C:/Users/user/AppData/Local/Programs/MiKTeX/fonts/type1/public/amsfonts/cm/cmtt12.pfb>
Output written on Main.pdf (28 pages, 1090272 bytes).
PDF statistics:
 119 PDF objects out of 1000 (max. 8388607)
 0 named destinations out of 1000 (max. 500000)
 11 words of extra memory for PDF output out of 10000 (max. 10000000)

